2025-10-28 00:12:30, EXEC, v:1, k:poo@grafite, mode:FULL, rate:0
2025-10-28 00:20:58, EXEC, v:1, k:poo@grafite, mode:FULL, rate:0
2025-10-28 00:22:29, EXEC, v:1, k:poo@grafite, mode:FULL, rate:0
2025-10-28 00:23:26, EXEC, v:1, k:poo@grafite, mode:FULL, rate:0
2025-10-28 00:26:14, MOVE, v:1, k:poo@grafite, mode:BACK
2025-10-28 00:28:46, MOVE, v:1, k:poo@grafite, mode:PICK
2025-10-28 00:28:51, EXEC, v:1, k:poo@grafite, mode:FULL, rate:0
2025-10-28 00:28:55, EXEC, v:1, k:poo@grafite, mode:FULL, rate:0
2025-10-28 00:29:00, EXEC, v:1, k:poo@grafite, mode:FULL, rate:0
2025-10-28 00:29:15, MOVE, v:1, k:poo@grafite, mode:BACK
2025-10-28 00:30:28, MOVE, v:1, k:poo@grafite, mode:PICK
2025-10-28 00:30:34, EXEC, v:1, k:poo@grafite, mode:FULL, rate:0
2025-10-28 00:33:00, EXEC, v:1, k:poo@grafite, mode:FULL, rate:0
2025-10-28 00:33:10, MOVE, v:1, k:poo@grafite, mode:BACK
2025-10-28 00:33:24, MOVE, v:1, k:poo@motouber, mode:DOWN
2025-10-28 00:33:24, MOVE, v:1, k:poo@motouber, mode:PICK
2025-10-28 00:33:29, EXEC, v:1, k:poo@motouber, mode:FULL, rate:0, size:0
2025-10-28 00:33:34, EXEC, v:1, k:poo@motouber, mode:FULL, rate:0
2025-10-28 00:33:39, EXEC, v:1, k:poo@motouber, mode:FULL, rate:0
2025-10-28 00:33:43, EXEC, v:1, k:poo@motouber, mode:FULL, rate:0
2025-10-28 00:33:46, EXEC, v:1, k:poo@motouber, mode:FULL, rate:0
2025-10-28 00:33:49, EXEC, v:1, k:poo@motouber, mode:FULL, rate:0
2025-10-28 00:33:54, EXEC, v:1, k:poo@motouber, mode:FULL, rate:0
2025-10-28 00:33:56, EXEC, v:1, k:poo@motouber, mode:FULL, rate:0
2025-10-28 00:35:20, MOVE, v:1, k:poo@motouber, mode:BACK
2025-10-28 00:36:40, MOVE, v:1, k:poo@motouber, mode:PICK
2025-10-28 00:36:45, EXEC, v:1, k:poo@motouber, mode:FULL, rate:0
2025-10-28 00:36:57, EXEC, v:1, k:poo@motouber, mode:FULL, rate:0
2025-10-28 00:37:00, EXEC, v:1, k:poo@motouber, mode:FULL, rate:0
2025-10-28 00:37:32, EXEC, v:1, k:poo@motouber, mode:FULL, rate:0
2025-10-28 00:41:04, EXEC, v:1, k:poo@motouber, mode:FULL, rate:0
2025-10-28 00:41:39, EXEC, v:1, k:poo@motouber, mode:FULL, rate:0
2025-10-28 00:42:46, EXEC, v:1, k:poo@motouber, mode:FULL, rate:0
2025-10-28 00:43:56, MOVE, v:1, k:poo@motouber, mode:BACK
2025-10-28 00:44:00, MOVE, v:1, k:poo@motoca, mode:PICK
2025-10-28 00:44:21, EXEC, v:1, k:poo@motoca, mode:FULL, rate:0
2025-10-28 00:44:58, EXEC, v:1, k:poo@motoca, mode:FULL, rate:0
2025-10-28 00:45:08, MOVE, v:1, k:poo@motoca, mode:BACK
2025-10-28 00:46:01, SELF, v:1, k:poo@motoca, alone:10, study:6
2025-10-28 00:46:06, MOVE, v:1, k:poo@motoca, mode:PICK
2025-10-28 00:46:20, EXEC, v:1, k:poo@motoca, mode:FULL, rate:100
2025-10-28 00:47:46, MOVE, v:1, k:poo@motoca, mode:BACK
2025-10-28 00:47:53, MOVE, v:1, k:poo@motouber, mode:PICK
2025-10-28 00:47:56, EXEC, v:1, k:poo@motouber, mode:FULL, rate:0
2025-10-28 00:48:27, EXEC, v:1, k:poo@motouber, mode:FULL, rate:0
2025-10-28 00:49:50, EXEC, v:1, k:poo@motouber, mode:FULL, rate:0
2025-10-28 00:50:14, EXEC, v:1, k:poo@motouber, mode:FULL, rate:0
2025-10-28 00:50:34, EXEC, v:1, k:poo@motouber, mode:FULL, rate:0
2025-10-28 00:52:34, EXEC, v:1, k:poo@motouber, mode:FULL, rate:0
2025-10-28 00:54:16, EXEC, v:1, k:poo@motouber, mode:FULL, rate:0
2025-10-28 00:55:13, EXEC, v:1, k:poo@motouber, mode:FULL, rate:0
2025-10-28 00:58:27, EXEC, v:1, k:poo@motouber, mode:FULL, rate:0
2025-10-28 00:58:34, EXEC, v:1, k:poo@motouber, mode:FULL, rate:0
2025-10-28 00:58:45, EXEC, v:1, k:poo@motouber, mode:FULL, rate:0
2025-10-28 01:00:35, EXEC, v:1, k:poo@motouber, mode:FULL, rate:0
2025-10-28 01:01:32, EXEC, v:1, k:poo@motouber, mode:FULL, rate:0
2025-10-28 01:03:30, EXEC, v:1, k:poo@motouber, mode:FULL, rate:0
2025-10-28 01:05:01, EXEC, v:1, k:poo@motouber, mode:FULL, rate:0
2025-10-28 01:06:13, EXEC, v:1, k:poo@motouber, mode:FULL, rate:0
2025-10-28 01:07:53, EXEC, v:1, k:poo@motouber, mode:FULL, rate:0
2025-10-28 01:10:26, EXEC, v:1, k:poo@motouber, mode:FULL, rate:0
2025-10-28 01:13:10, EXEC, v:1, k:poo@motouber, mode:FULL, rate:0
2025-10-28 01:16:09, EXEC, v:1, k:poo@motouber, mode:FULL, rate:0
2025-10-28 01:18:04, EXEC, v:1, k:poo@motouber, mode:FULL, rate:0
2025-10-28 01:18:10, EXEC, v:1, k:poo@motouber, mode:FULL, rate:0
2025-10-28 01:21:28, EXEC, v:1, k:poo@motouber, mode:FULL, rate:0
2025-10-28 01:22:25, MOVE, v:1, k:poo@motouber, mode:BACK
2025-10-28 01:22:31, MOVE, v:1, k:poo@grafite, mode:PICK
2025-10-28 01:22:35, EXEC, v:1, k:poo@grafite, mode:FULL, rate:0
2025-10-28 01:23:17, EXEC, v:1, k:poo@grafite, mode:FULL, rate:0
2025-10-28 01:23:23, EXEC, v:1, k:poo@grafite, mode:FULL, rate:0
2025-10-28 01:26:30, EXEC, v:1, k:poo@grafite, mode:FULL, rate:0
2025-10-28 01:26:47, EXEC, v:1, k:poo@grafite, mode:FULL, rate:0
2025-10-28 01:31:52, EXEC, v:1, k:poo@grafite, mode:FULL, rate:0
2025-10-28 01:36:09, EXEC, v:1, k:poo@grafite, mode:FULL, rate:0
2025-10-28 01:40:02, EXEC, v:1, k:poo@grafite, mode:FULL, rate:0
2025-10-28 01:42:06, EXEC, v:1, k:poo@grafite, mode:FULL, rate:0
2025-10-28 01:43:12, EXEC, v:1, k:poo@grafite, mode:FULL, rate:0
2025-10-28 01:45:06, EXEC, v:1, k:poo@grafite, mode:FULL, rate:0
2025-10-28 01:46:18, EXEC, v:1, k:poo@grafite, mode:FULL, rate:0
2025-10-28 01:52:32, EXEC, v:1, k:poo@grafite, mode:FULL, rate:0
2025-10-28 01:58:47, EXEC, v:1, k:poo@grafite, mode:FULL, rate:0
2025-10-28 01:59:05, EXEC, v:1, k:poo@grafite, mode:FULL, rate:0
2025-10-28 02:01:39, EXEC, v:1, k:poo@grafite, mode:FULL, rate:0
2025-10-28 02:03:01, EXEC, v:1, k:poo@grafite, mode:FULL, rate:0
2025-10-28 02:08:53, EXEC, v:1, k:poo@grafite, mode:FULL, rate:0
2025-10-28 02:09:05, EXEC, v:1, k:poo@grafite, mode:FULL, rate:0
2025-10-28 02:10:07, MOVE, v:1, k:poo@grafite, mode:BACK
2025-10-28 02:10:13, MOVE, v:1, k:poo@motouber, mode:PICK
2025-10-28 02:10:18, EXEC, v:1, k:poo@motouber, mode:FULL, rate:0
2025-10-28 02:13:46, MOVE, v:1, k:poo@motouber, mode:PICK
2025-10-28 02:13:51, EXEC, v:1, k:poo@motouber, mode:FULL, rate:0
2025-10-28 02:15:23, EXEC, v:1, k:poo@motouber, mode:FULL, rate:0
2025-10-28 02:18:25, MOVE, v:1, k:poo@motouber, mode:BACK
2025-10-28 02:18:29, MOVE, v:1, k:poo@grafite, mode:PICK
2025-10-28 02:18:36, EXEC, v:1, k:poo@grafite, mode:FULL, rate:0
2025-10-28 02:20:38, MOVE, v:1, k:poo@grafite, mode:BACK
2025-10-28 02:20:43, MOVE, v:1, k:poo@motouber, mode:PICK
2025-10-28 02:20:48, EXEC, v:1, k:poo@motouber, mode:FULL, rate:0
2025-10-28 02:21:04, EXEC, v:1, k:poo@motouber, mode:FULL, rate:0
2025-10-28 02:21:42, EXEC, v:1, k:poo@motouber, mode:FULL, rate:0
2025-10-28 02:23:14, EXEC, v:1, k:poo@motouber, mode:FULL, rate:0
2025-10-28 02:24:09, EXEC, v:1, k:poo@motouber, mode:FULL, rate:0
2025-10-28 02:25:57, EXEC, v:1, k:poo@motouber, mode:FULL, rate:0
2025-10-28 02:27:28, EXEC, v:1, k:poo@motouber, mode:FULL, rate:0
2025-10-28 02:29:53, EXEC, v:1, k:poo@motouber, mode:FULL, rate:0
2025-10-28 02:32:20, EXEC, v:1, k:poo@motouber, mode:FULL, rate:0
2025-10-28 02:33:49, EXEC, v:1, k:poo@motouber, mode:FULL, rate:0
2025-10-28 02:40:34, EXEC, v:1, k:poo@motouber, mode:FULL, rate:0
2025-10-28 02:41:07, EXEC, v:1, k:poo@motouber, mode:FULL, rate:0
2025-10-28 02:41:31, EXEC, v:1, k:poo@motouber, mode:FULL, rate:0
2025-10-28 02:45:40, EXEC, v:1, k:poo@motouber, mode:FULL, rate:0
2025-10-28 02:45:43, EXEC, v:1, k:poo@motouber, mode:FULL, rate:0
2025-10-28 02:45:53, EXEC, v:1, k:poo@motouber, mode:FULL, rate:0
2025-10-28 02:46:18, EXEC, v:1, k:poo@motouber, mode:FULL, rate:0
2025-10-28 02:47:43, MOVE, v:1, k:poo@motouber, mode:BACK
2025-10-28 02:47:46, MOVE, v:1, k:poo@grafite, mode:PICK
2025-10-28 02:47:50, EXEC, v:1, k:poo@grafite, mode:FULL, rate:0
2025-10-28 02:49:06, EXEC, v:1, k:poo@grafite, mode:FULL, rate:0
