2025-10-16 01:26:19, MOVE, v:1, k:poo@camisa, mode:PICK
2025-10-16 01:26:21, EXEC, v:1, k:poo@camisa, mode:LOCK, rate:0, size:25
2025-10-16 01:26:23, EXEC, v:1, k:poo@camisa, mode:LOCK, rate:0
2025-10-16 01:34:27, SELF, v:1, k:poo@camisa, rate:100, alone:10
2025-10-16 01:34:36, MOVE, v:1, k:poo@roupa, mode:PICK
2025-10-16 01:35:58, MOVE, v:1, k:poo@roupa, mode:PICK
2025-10-16 01:36:03, EXEC, v:1, k:poo@roupa, mode:FULL, rate:0
2025-10-16 16:19:04, MOVE, v:1, k:poo@roupa, mode:PICK
2025-10-16 16:19:05, EXEC, v:1, k:poo@roupa, mode:FULL, rate:0
2025-10-16 16:33:44, EXEC, v:1, k:poo@roupa, mode:FULL, rate:0, size:25
2025-10-16 16:35:29, EXEC, v:1, k:poo@roupa, mode:FULL, rate:0, size:25
2025-10-16 17:02:06, MOVE, v:1, k:poo@roupa, mode:PICK
2025-10-16 17:02:08, EXEC, v:1, k:poo@roupa, mode:FULL, rate:0, size:30
2025-10-16 17:05:26, EXEC, v:1, k:poo@roupa, mode:FULL, rate:0, size:34
2025-10-16 17:21:27, MOVE, v:1, k:poo@roupa, mode:PICK
2025-10-16 17:21:28, EXEC, v:1, k:poo@roupa, mode:FULL, rate:0, size:43
2025-10-16 17:21:29, EXEC, v:1, k:poo@roupa, mode:FULL, rate:0
2025-10-16 17:22:06, EXEC, v:1, k:poo@roupa, mode:FULL, rate:0, size:43
2025-10-16 17:22:15, EXEC, v:1, k:poo@roupa, mode:FULL, rate:0
2025-10-16 17:23:38, EXEC, v:1, k:poo@roupa, mode:FULL, rate:0, size:43
2025-10-16 17:23:43, EXEC, v:1, k:poo@roupa, mode:FULL, rate:0
2025-10-16 17:24:15, EXEC, v:1, k:poo@roupa, mode:FULL, rate:0, size:43
2025-10-16 17:24:17, EXEC, v:1, k:poo@roupa, mode:FULL, rate:0
2025-10-16 17:24:17, EXEC, v:1, k:poo@roupa, mode:FULL, rate:0
2025-10-16 17:24:56, EXEC, v:1, k:poo@roupa, mode:FULL, rate:0, size:43
2025-10-16 17:25:44, EXEC, v:1, k:poo@roupa, mode:FULL, rate:0, size:43
2025-10-16 17:26:50, EXEC, v:1, k:poo@roupa, mode:FULL, rate:0, size:43
2025-10-16 17:26:59, EXEC, v:1, k:poo@roupa, mode:FULL, rate:0, size:43
2025-10-16 17:27:19, MOVE, v:1, k:poo@roupa, mode:PICK
2025-10-16 17:27:20, EXEC, v:1, k:poo@roupa, mode:FULL, rate:0, size:43
2025-10-16 17:27:40, EXEC, v:1, k:poo@roupa, mode:FULL, rate:0
2025-10-16 17:27:41, EXEC, v:1, k:poo@roupa, mode:FULL, rate:0
2025-10-16 17:30:51, EXEC, v:1, k:poo@roupa, mode:FULL, rate:0, size:43
2025-10-16 17:30:52, EXEC, v:1, k:poo@roupa, mode:FULL, rate:0
2025-10-16 17:30:52, EXEC, v:1, k:poo@roupa, mode:FULL, rate:0
2025-10-16 17:31:59, EXEC, v:1, k:poo@roupa, mode:FULL, rate:0, size:43
2025-10-16 17:32:01, EXEC, v:1, k:poo@roupa, mode:FULL, rate:0
2025-10-16 17:32:02, EXEC, v:1, k:poo@roupa, mode:FULL, rate:0
2025-10-16 17:37:12, EXEC, v:1, k:poo@roupa, mode:FULL, rate:0, size:43
2025-10-16 17:37:13, EXEC, v:1, k:poo@roupa, mode:FULL, rate:0, size:43
2025-10-16 17:37:25, EXEC, v:1, k:poo@roupa, mode:FULL, rate:0, size:43
2025-10-16 17:38:09, EXEC, v:1, k:poo@roupa, mode:FULL, rate:0, size:43
2025-10-16 17:38:32, EXEC, v:1, k:poo@roupa, mode:FULL, rate:0, size:43
2025-10-16 17:39:09, EXEC, v:1, k:poo@roupa, mode:FULL, rate:100, size:43
2025-10-16 23:59:10, MOVE, v:1, k:poo@roupa, mode:PICK
2025-10-16 23:59:17, EXEC, v:1, k:poo@roupa, mode:FULL, rate:100
