2025-10-15 11:17:49, MOVE, v:1, k:poo@chinela, mode:PICK
2025-10-15 11:17:50, EXEC, v:1, k:poo@chinela, mode:LOCK, rate:0
2025-10-15 11:45:05, EXEC, v:1, k:poo@chinela, mode:LOCK, rate:0, size:27
2025-10-15 11:46:13, EXEC, v:1, k:poo@chinela, mode:LOCK, rate:0, size:27
2025-10-15 11:46:29, EXEC, v:1, k:poo@chinela, mode:LOCK, rate:0, size:27
2025-10-15 11:50:30, EXEC, v:1, k:poo@chinela, mode:LOCK, rate:0, size:26
2025-10-15 11:51:24, EXEC, v:1, k:poo@chinela, mode:LOCK, rate:0, size:27
2025-10-15 11:52:42, EXEC, v:1, k:poo@chinela, mode:LOCK, rate:0
2025-10-15 11:53:06, EXEC, v:1, k:poo@chinela, mode:FREE
2025-10-15 12:17:50, MOVE, v:1, k:poo@chinela, mode:PICK
2025-10-15 12:17:54, EXEC, v:1, k:poo@chinela, mode:LOCK, rate:0, size:27
2025-10-15 12:19:12, EXEC, v:1, k:poo@chinela, mode:LOCK, rate:0, size:27
2025-10-15 14:02:25, MOVE, v:1, k:poo@notebook, mode:PICK
2025-10-15 14:02:29, EXEC, v:1, k:poo@notebook, mode:LOCK, rate:0, size:40
2025-10-15 14:02:58, MOVE, v:1, k:poo@chinela, mode:PICK
2025-10-15 14:02:59, EXEC, v:1, k:poo@chinela, mode:LOCK, rate:0, size:27
2025-10-15 14:03:01, EXEC, v:1, k:poo@chinela, mode:LOCK, rate:0
2025-10-15 14:03:01, EXEC, v:1, k:poo@chinela, mode:LOCK, rate:0
2025-10-15 14:03:01, EXEC, v:1, k:poo@chinela, mode:LOCK, rate:0
2025-10-15 14:03:01, EXEC, v:1, k:poo@chinela, mode:LOCK, rate:0
2025-10-15 14:03:02, EXEC, v:1, k:poo@chinela, mode:LOCK, rate:0
2025-10-15 18:16:43, MOVE, v:1, k:poo@chinela, mode:PICK
2025-10-15 18:16:46, EXEC, v:1, k:poo@chinela, mode:LOCK, rate:0, size:29
2025-10-15 18:17:53, EXEC, v:1, k:poo@chinela, mode:LOCK, rate:0, size:27
2025-10-15 19:10:28, MOVE, v:1, k:poo@camisa, mode:PICK
2025-10-15 19:10:35, EXEC, v:1, k:poo@camisa, mode:LOCK, rate:0
2025-10-15 19:10:54, EXEC, v:1, k:poo@camisa, mode:LOCK, rate:0, size:25
2025-10-15 19:18:10, EXEC, v:1, k:poo@camisa, mode:LOCK, rate:0, size:26
2025-10-15 19:18:11, EXEC, v:1, k:poo@camisa, mode:LOCK, rate:0
2025-10-15 19:18:12, EXEC, v:1, k:poo@camisa, mode:LOCK, rate:0
2025-10-15 19:18:12, EXEC, v:1, k:poo@camisa, mode:LOCK, rate:0
2025-10-15 19:18:12, EXEC, v:1, k:poo@camisa, mode:LOCK, rate:0
2025-10-15 19:18:12, EXEC, v:1, k:poo@camisa, mode:LOCK, rate:0
2025-10-15 19:18:13, EXEC, v:1, k:poo@camisa, mode:LOCK, rate:0
2025-10-15 19:18:13, EXEC, v:1, k:poo@camisa, mode:LOCK, rate:0
2025-10-15 19:19:51, EXEC, v:1, k:poo@camisa, mode:LOCK, rate:0
2025-10-15 19:19:51, EXEC, v:1, k:poo@camisa, mode:LOCK, rate:0
2025-10-15 19:19:51, EXEC, v:1, k:poo@camisa, mode:LOCK, rate:0
2025-10-15 19:19:51, EXEC, v:1, k:poo@camisa, mode:LOCK, rate:0
2025-10-15 19:19:52, EXEC, v:1, k:poo@camisa, mode:LOCK, rate:0
2025-10-15 19:21:16, EXEC, v:1, k:poo@camisa, mode:LOCK, rate:0, size:26
2025-10-15 19:23:10, EXEC, v:1, k:poo@camisa, mode:LOCK, rate:0, size:26
