2025-10-22 14:03:32, MOVE, v:1, k:poo@chinela, mode:PICK
2025-10-22 14:03:40, EXEC, v:1, k:poo@chinela, mode:FREE
2025-10-22 14:05:38, MOVE, v:1, k:poo@motoca, mode:PICK
2025-10-22 14:05:42, EXEC, v:1, k:poo@motoca, mode:FULL, rate:73
2025-10-22 14:05:56, EXEC, v:1, k:poo@motoca, mode:FULL, rate:73
2025-10-22 14:06:29, EXEC, v:1, k:poo@motoca, mode:FULL, rate:73
2025-10-22 14:27:57, MOVE, v:1, k:poo@motoca, mode:PICK
2025-10-22 14:27:58, EXEC, v:1, k:poo@motoca, mode:FULL, rate:0, size:115
2025-10-22 14:29:21, EXEC, v:1, k:poo@motoca, mode:FULL, rate:73, size:115
2025-10-22 14:29:23, EXEC, v:1, k:poo@motoca, mode:FULL, rate:73
2025-10-22 14:34:52, EXEC, v:1, k:poo@motoca, mode:FULL, rate:0, size:117
2025-10-22 14:34:59, EXEC, v:1, k:poo@motoca, mode:FULL, rate:0
2025-10-22 14:34:59, EXEC, v:1, k:poo@motoca, mode:FULL, rate:0
2025-10-22 14:35:20, EXEC, v:1, k:poo@motoca, mode:FULL, rate:60, size:117
2025-10-22 14:37:32, EXEC, v:1, k:poo@motoca, mode:FULL, rate:66, size:116
2025-10-22 14:37:32, EXEC, v:1, k:poo@motoca, mode:FULL, rate:73, size:116
2025-10-22 14:37:33, EXEC, v:1, k:poo@motoca, mode:FULL, rate:73, size:116
2025-10-22 14:41:57, EXEC, v:1, k:poo@motoca, mode:FULL, rate:73, size:115
2025-10-22 14:46:06, EXEC, v:1, k:poo@motoca, mode:FULL, rate:60, size:118
2025-10-22 14:49:51, EXEC, v:1, k:poo@motoca, mode:FULL, rate:60, size:120
2025-10-22 14:49:53, EXEC, v:1, k:poo@motoca, mode:FULL, rate:60
2025-10-22 14:58:18, EXEC, v:1, k:poo@motoca, mode:FULL, rate:60, size:118
2025-10-22 14:59:48, EXEC, v:1, k:poo@motoca, mode:FULL, rate:73, size:122
2025-10-22 15:02:14, EXEC, v:1, k:poo@motoca, mode:FULL, rate:100, size:119
2025-10-22 15:02:51, MOVE, v:1, k:poo@motoca, mode:PICK
2025-10-22 15:02:53, EXEC, v:1, k:poo@motoca, mode:FULL, rate:100
2025-10-22 15:02:56, MOVE, v:1, k:poo@motoca, mode:BACK
2025-10-22 15:05:50, MOVE, v:1, k:poo@motoca, mode:PICK
2025-10-22 15:05:53, EXEC, v:1, k:poo@motoca, mode:FULL, rate:100
2025-10-22 15:05:58, MOVE, v:1, k:poo@motoca, mode:BACK
