2025-10-14 00:06:51, MOVE, v:1, k:poo@camisa, mode:PICK
2025-10-14 00:06:52, EXEC, v:1, k:poo@camisa, mode:LOCK, rate:0, size:23
2025-10-14 00:07:04, EXEC, v:1, k:poo@camisa, mode:LOCK, rate:0, size:23
2025-10-14 00:07:17, EXEC, v:1, k:poo@camisa, mode:LOCK, rate:0, size:23
2025-10-14 00:07:32, EXEC, v:1, k:poo@camisa, mode:LOCK, rate:0, size:23
2025-10-14 00:07:34, EXEC, v:1, k:poo@camisa, mode:LOCK, rate:0
2025-10-14 00:07:48, EXEC, v:1, k:poo@camisa, mode:LOCK, rate:0, size:23
2025-10-14 00:08:37, MOVE, v:1, k:poo@camisa, mode:PICK
2025-10-14 00:08:38, EXEC, v:1, k:poo@camisa, mode:LOCK, rate:0, size:23
2025-10-14 00:09:03, EXEC, v:1, k:poo@camisa, mode:LOCK, rate:0, size:23
2025-10-14 00:10:03, EXEC, v:1, k:poo@camisa, mode:LOCK, rate:0, size:23
2025-10-14 00:10:04, EXEC, v:1, k:poo@camisa, mode:LOCK, rate:0
2025-10-14 00:10:04, EXEC, v:1, k:poo@camisa, mode:LOCK, rate:0
2025-10-14 00:15:36, EXEC, v:1, k:poo@camisa, mode:LOCK, rate:0, size:23
2025-10-14 00:15:37, EXEC, v:1, k:poo@camisa, mode:LOCK, rate:0
2025-10-14 00:15:38, EXEC, v:1, k:poo@camisa, mode:LOCK, rate:0
2025-10-14 00:15:38, EXEC, v:1, k:poo@camisa, mode:LOCK, rate:0
2025-10-14 00:15:38, EXEC, v:1, k:poo@camisa, mode:LOCK, rate:0
2025-10-14 00:15:50, EXEC, v:1, k:poo@camisa, mode:LOCK, rate:0, size:23
2025-10-14 00:15:57, EXEC, v:1, k:poo@camisa, mode:LOCK, rate:0, size:23
2025-10-14 00:16:16, EXEC, v:1, k:poo@camisa, mode:LOCK, rate:0, size:23
2025-10-14 13:22:25, MOVE, v:1, k:poo@roupa, mode:PICK
2025-10-14 13:22:26, EXEC, v:1, k:poo@roupa, mode:FULL, rate:0
2025-10-14 13:23:44, MOVE, v:1, k:poo@camisa, mode:PICK
2025-10-14 13:23:45, EXEC, v:1, k:poo@camisa, mode:LOCK, rate:0, size:28
2025-10-14 13:23:57, EXEC, v:1, k:poo@camisa, mode:LOCK, rate:0, size:28
2025-10-14 13:25:00, EXEC, v:1, k:poo@camisa, mode:LOCK, rate:0, size:28
2025-10-14 13:25:04, EXEC, v:1, k:poo@camisa, mode:LOCK, rate:0
2025-10-14 13:26:49, EXEC, v:1, k:poo@camisa, mode:LOCK, rate:0, size:28
2025-10-14 13:27:07, EXEC, v:1, k:poo@camisa, mode:LOCK, rate:0, size:28
2025-10-14 13:28:04, EXEC, v:1, k:poo@camisa, mode:LOCK, rate:0, size:29
2025-10-14 13:28:55, EXEC, v:1, k:poo@camisa, mode:LOCK, rate:0, size:26
2025-10-14 13:29:32, EXEC, v:1, k:poo@camisa, mode:LOCK, rate:0, size:26
2025-10-14 13:30:13, EXEC, v:1, k:poo@camisa, mode:LOCK, rate:0, size:26
2025-10-14 13:30:52, EXEC, v:1, k:poo@camisa, mode:LOCK, rate:0, size:26
2025-10-14 13:30:55, EXEC, v:1, k:poo@camisa, mode:LOCK, rate:0
2025-10-14 14:00:26, MOVE, v:1, k:poo@motoca, mode:DOWN
2025-10-14 14:00:40, MOVE, v:1, k:poo@notebook, mode:DOWN
2025-10-14 14:00:41, MOVE, v:1, k:poo@notebook, mode:PICK
2025-10-14 14:00:41, EXEC, v:1, k:poo@notebook, mode:LOCK, rate:100, size:0
2025-10-14 14:00:41, EXEC, v:1, k:poo@notebook, mode:LOCK, rate:100, size:0
2025-10-14 14:00:42, EXEC, v:1, k:poo@notebook, mode:LOCK, rate:100, size:0
2025-10-14 14:00:42, EXEC, v:1, k:poo@notebook, mode:LOCK, rate:100, size:0
2025-10-14 14:00:42, EXEC, v:1, k:poo@notebook, mode:LOCK, rate:100, size:0
2025-10-14 14:00:42, EXEC, v:1, k:poo@notebook, mode:LOCK, rate:100, size:0
2025-10-14 14:00:42, EXEC, v:1, k:poo@notebook, mode:LOCK, rate:100, size:0
2025-10-14 14:00:42, EXEC, v:1, k:poo@notebook, mode:LOCK, rate:100, size:0
2025-10-14 14:00:47, EXEC, v:1, k:poo@notebook, mode:LOCK, rate:100, size:0
2025-10-14 17:09:17, MOVE, v:1, k:poo@notebook, mode:PICK
2025-10-14 17:09:35, EXEC, v:1, k:poo@notebook, mode:LOCK, rate:0, size:28
2025-10-14 17:09:38, EXEC, v:1, k:poo@notebook, mode:LOCK, rate:0
2025-10-14 17:09:38, EXEC, v:1, k:poo@notebook, mode:LOCK, rate:0
